Sun Jul 13 02:23:31 PM CEST 2025 — Changed to: 
Sun Jul 13 02:23:33 PM CEST 2025 — Changed to: 
Sun Jul 13 02:24:18 PM CEST 2025 — Changed to: 
Sun Jul 13 02:25:22 PM CEST 2025 — Changed to: 
Sun Jul 13 02:25:50 PM CEST 2025 — Changed to: 
Sun Jul 13 02:25:52 PM CEST 2025 — Changed to: 
Sun Jul 13 02:25:55 PM CEST 2025 — Changed to: 
Sun Jul 13 02:26:18 PM CEST 2025 — Changed to: 
Sun Jul 13 02:29:29 PM CEST 2025 — Changed to: 
Sun Jul 13 07:50:04 PM CEST 2025 — Changed to: 
Sun Jul 13 07:50:44 PM CEST 2025 — Changed to: 
Sun Jul 13 07:54:15 PM CEST 2025 — Changed to: 
Sun Jul 13 07:54:33 PM CEST 2025 — Changed to: 
Sun Jul 13 07:54:36 PM CEST 2025 — Changed to: 
Sun Jul 13 07:54:38 PM CEST 2025 — Changed to: 
Sun Jul 13 07:54:42 PM CEST 2025 — Changed to: 
Sun Jul 13 07:55:35 PM CEST 2025 — Changed to: 
Sun Jul 13 07:55:38 PM CEST 2025 — Changed to: 
Sun Jul 13 07:55:41 PM CEST 2025 — Changed to: 
Sun Jul 13 07:55:43 PM CEST 2025 — Changed to: 
Sun Jul 13 07:56:02 PM CEST 2025 — Changed to: 
Sun Jul 13 07:56:16 PM CEST 2025 — Changed to: 
Sun Jul 13 07:56:20 PM CEST 2025 — Changed to: 
Sun Jul 13 07:58:27 PM CEST 2025 — Changed to: 
Sun Jul 13 08:08:53 PM CEST 2025 — Changed to: 
Sun Jul 13 08:38:40 PM CEST 2025 — Changed to: 
Sun Jul 13 09:01:26 PM CEST 2025 — Changed to: 
Sun Jul 13 09:01:34 PM CEST 2025 — Changed to: 
Mon Jul 14 12:21:59 AM CEST 2025 — Changed to: 
Mon Jul 14 12:38:25 AM CEST 2025 — Changed to: 
Mon Jul 14 12:39:45 AM CEST 2025 — Changed to: 
Mon Jul 14 12:42:49 AM CEST 2025 — Changed to: 
Mon Jul 14 04:12:01 AM CEST 2025 — Changed to: 
Mon Jul 14 04:14:55 AM CEST 2025 — Changed to: 
Mon Jul 14 04:15:50 AM CEST 2025 — Changed to: 
Mon Jul 14 04:16:11 AM CEST 2025 — Changed to: 
Mon Jul 14 04:16:12 AM CEST 2025 — Changed to: 
Mon Jul 14 04:16:14 AM CEST 2025 — Changed to: 
Mon Jul 14 04:16:15 AM CEST 2025 — Changed to: 
Mon Jul 14 04:16:21 AM CEST 2025 — Changed to: 
Mon Jul 14 04:28:56 AM CEST 2025 — Changed to: 
Mon Jul 14 05:50:43 AM CEST 2025 — Changed to: 
Mon Jul 14 05:50:45 AM CEST 2025 — Changed to: 
Mon Jul 14 05:50:48 AM CEST 2025 — Changed to: 
Mon Jul 14 05:50:49 AM CEST 2025 — Changed to: 
Mon Jul 14 05:50:51 AM CEST 2025 — Changed to: 
Mon Jul 14 05:50:54 AM CEST 2025 — Changed to: 
Mon Jul 14 05:51:01 AM CEST 2025 — Changed to: 
Mon Jul 14 05:58:12 AM CEST 2025 — Changed to: 
Mon Jul 14 05:58:14 AM CEST 2025 — Changed to: 
Mon Jul 14 07:03:59 AM CEST 2025 — Changed to: 
Mon Jul 14 07:04:00 AM CEST 2025 — Changed to: 
Mon Jul 14 07:04:01 AM CEST 2025 — Changed to: 
Mon Jul 14 07:04:05 AM CEST 2025 — Changed to: 
Mon Jul 14 07:04:06 AM CEST 2025 — Changed to: 
Mon Jul 14 05:01:36 PM CEST 2025 — Changed to: 
Mon Jul 14 05:01:39 PM CEST 2025 — Changed to: 
Mon Jul 14 05:01:47 PM CEST 2025 — Changed to: 
Tue Jul 15 12:14:39 AM CEST 2025 — Changed to: 
Tue Jul 15 12:14:41 AM CEST 2025 — Changed to: 
Tue Jul 15 12:14:45 AM CEST 2025 — Changed to: 
Tue Jul 15 04:48:05 PM CEST 2025 — Changed to: 
Tue Jul 15 08:17:32 PM CEST 2025 — Changed to: 
Tue Jul 15 08:17:35 PM CEST 2025 — Changed to: 
Wed Jul 16 02:52:37 AM CEST 2025 — Changed to: 
Wed Jul 16 02:52:38 AM CEST 2025 — Changed to: 
Wed Jul 16 02:53:05 AM CEST 2025 — Changed to: 
Wed Jul 16 03:00:17 AM CEST 2025 — Changed to: 
Wed Jul 16 03:00:18 AM CEST 2025 — Changed to: 
Wed Jul 16 03:00:20 AM CEST 2025 — Changed to: 
Sat Jul 19 07:17:19 PM CEST 2025 — Changed to: 
Sat Jul 19 09:46:05 PM CEST 2025 — Changed to: 
Sat Jul 19 09:46:07 PM CEST 2025 — Changed to: 
Sat Jul 19 09:46:09 PM CEST 2025 — Changed to: 
Sat Jul 19 09:46:11 PM CEST 2025 — Changed to: 
Sat Jul 19 09:46:11 PM CEST 2025 — Changed to: 
Sat Jul 19 09:46:13 PM CEST 2025 — Changed to: 
Tue Jul 22 07:17:07 PM CEST 2025 — Changed to: 
Tue Jul 22 07:17:56 PM CEST 2025 — Changed to: 
Tue Jul 22 07:18:02 PM CEST 2025 — Changed to: 
Tue Jul 22 07:22:02 PM CEST 2025 — Changed to: 
Tue Jul 22 07:22:34 PM CEST 2025 — Changed to: 
Tue Jul 22 07:24:16 PM CEST 2025 — Changed to: 
Tue Jul 22 07:24:30 PM CEST 2025 — Changed to: 
